 
****************************************
Report : area
Design : JAM
Version: T-2022.03
Date   : Mon Feb 19 19:06:05 2024
****************************************

Library(s) Used:

    slow (File: /usr/cad/lib/CBDK_IC_Contest_v2.5/SynopsysDC/db/slow.db)

Number of ports:                           65
Number of nets:                           670
Number of cells:                          556
Number of combinational cells:            477
Number of sequential cells:                77
Number of macros/black boxes:               0
Number of buf/inv:                         72
Number of references:                      86

Combinational area:               4555.821557
Buf/Inv area:                      529.588804
Noncombinational area:            2488.388348
Macro/Black Box area:                0.000000
Net Interconnect area:           79287.066040

Total cell area:                  7044.209904
Total area:                      86331.275944
1
