 
****************************************
Report : area
Design : geofence
Version: T-2022.03
Date   : Mon Mar 18 00:48:14 2024
****************************************

Library(s) Used:

    slow (File: /usr/cad/lib/CBDK_IC_Contest_v2.1/SynopsysDC/db/slow.db)

Number of ports:                           35
Number of nets:                          5728
Number of cells:                         4861
Number of combinational cells:           4593
Number of sequential cells:               268
Number of macros/black boxes:               0
Number of buf/inv:                        658
Number of references:                     131

Combinational area:              54995.760305
Buf/Inv area:                     3287.863755
Noncombinational area:            8651.647537
Macro/Black Box area:                0.000000
Net Interconnect area:          658189.959229

Total cell area:                 63647.407842
Total area:                     721837.367071
1
